Performing C++ SOURCE FILE Test FRUIT_HAS_CLANG_ARBITRARY_OVERLOAD_RESOLUTION_BUG failed with the following output:
Change Dir: /home/malte/Dokumente/modular-engine/build/CMakeFiles/CMakeTmp

Run Build Command:"/usr/bin/make" "cmTC_bf806/fast"
/usr/bin/make -f CMakeFiles/cmTC_bf806.dir/build.make CMakeFiles/cmTC_bf806.dir/build
make[1]: Verzeichnis „/home/malte/Dokumente/modular-engine/build/CMakeFiles/CMakeTmp“ wird betreten
Building CXX object CMakeFiles/cmTC_bf806.dir/src.cxx.o
/usr/bin/c++    -m64 -DFRUIT_HAS_CLANG_ARBITRARY_OVERLOAD_RESOLUTION_BUG   -m64 -g   -std=c++11 -W -Wall -Wno-unknown-warning-option -Wno-missing-braces   -o CMakeFiles/cmTC_bf806.dir/src.cxx.o -c /home/malte/Dokumente/modular-engine/build/CMakeFiles/CMakeTmp/src.cxx
/home/malte/Dokumente/modular-engine/build/CMakeFiles/CMakeTmp/src.cxx: In function ‘int main()’:
/home/malte/Dokumente/modular-engine/build/CMakeFiles/CMakeTmp/src.cxx:11:12: error: no matching function for call to ‘f(Map*)’
   f((Map*)0);
            ^
/home/malte/Dokumente/modular-engine/build/CMakeFiles/CMakeTmp/src.cxx:8:7: note: candidate: template<class Value> Value f(Pair<int, Value>*)
 Value f(Pair<int, Value>*) { return Value(); }
       ^
/home/malte/Dokumente/modular-engine/build/CMakeFiles/CMakeTmp/src.cxx:8:7: note:   template argument deduction/substitution failed:
/home/malte/Dokumente/modular-engine/build/CMakeFiles/CMakeTmp/src.cxx:11:12: note:   ‘Pair<int, Value>’ is an ambiguous base class of ‘Map’
   f((Map*)0);
            ^
At global scope:
cc1plus: warning: unrecognized command line option ‘-Wno-unknown-warning-option’
CMakeFiles/cmTC_bf806.dir/build.make:65: die Regel für Ziel „CMakeFiles/cmTC_bf806.dir/src.cxx.o“ scheiterte
make[1]: *** [CMakeFiles/cmTC_bf806.dir/src.cxx.o] Fehler 1
make[1]: Verzeichnis „/home/malte/Dokumente/modular-engine/build/CMakeFiles/CMakeTmp“ wird verlassen
Makefile:126: die Regel für Ziel „cmTC_bf806/fast“ scheiterte
make: *** [cmTC_bf806/fast] Fehler 2

Source file was:

template <typename T, typename U>
struct Pair {};

struct Map : public Pair<int, float>, Pair<int, char> {};

template <typename Value>
Value f(Pair<int, Value>*) { return Value(); }

int main() {
  f((Map*)0);
}

Performing C++ SOURCE FILE Test FRUIT_HAS_FORCEINLINE failed with the following output:
Change Dir: /home/malte/Dokumente/modular-engine/build/CMakeFiles/CMakeTmp

Run Build Command:"/usr/bin/make" "cmTC_f60f0/fast"
/usr/bin/make -f CMakeFiles/cmTC_f60f0.dir/build.make CMakeFiles/cmTC_f60f0.dir/build
make[1]: Verzeichnis „/home/malte/Dokumente/modular-engine/build/CMakeFiles/CMakeTmp“ wird betreten
Building CXX object CMakeFiles/cmTC_f60f0.dir/src.cxx.o
/usr/bin/c++    -m64 -DFRUIT_HAS_FORCEINLINE   -m64 -g   -std=c++11 -W -Wall -Wno-unknown-warning-option -Wno-missing-braces   -o CMakeFiles/cmTC_f60f0.dir/src.cxx.o -c /home/malte/Dokumente/modular-engine/build/CMakeFiles/CMakeTmp/src.cxx
/home/malte/Dokumente/modular-engine/build/CMakeFiles/CMakeTmp/src.cxx:2:1: error: ‘__forceinline’ does not name a type
 __forceinline
 ^
cc1plus: warning: unrecognized command line option ‘-Wno-unknown-warning-option’
CMakeFiles/cmTC_f60f0.dir/build.make:65: die Regel für Ziel „CMakeFiles/cmTC_f60f0.dir/src.cxx.o“ scheiterte
make[1]: *** [CMakeFiles/cmTC_f60f0.dir/src.cxx.o] Fehler 1
make[1]: Verzeichnis „/home/malte/Dokumente/modular-engine/build/CMakeFiles/CMakeTmp“ wird verlassen
Makefile:126: die Regel für Ziel „cmTC_f60f0/fast“ scheiterte
make: *** [cmTC_f60f0/fast] Fehler 2

Source file was:

__forceinline
void f() {
}

int main() {
  return 0;
}

Performing C++ SOURCE FILE Test FRUIT_HAS_DECLSPEC_DEPRECATED failed with the following output:
Change Dir: /home/malte/Dokumente/modular-engine/build/CMakeFiles/CMakeTmp

Run Build Command:"/usr/bin/make" "cmTC_0ebdf/fast"
/usr/bin/make -f CMakeFiles/cmTC_0ebdf.dir/build.make CMakeFiles/cmTC_0ebdf.dir/build
make[1]: Verzeichnis „/home/malte/Dokumente/modular-engine/build/CMakeFiles/CMakeTmp“ wird betreten
Building CXX object CMakeFiles/cmTC_0ebdf.dir/src.cxx.o
/usr/bin/c++    -m64 -DFRUIT_HAS_DECLSPEC_DEPRECATED   -m64 -g   -std=c++11 -W -Wall -Wno-unknown-warning-option -Wno-missing-braces   -o CMakeFiles/cmTC_0ebdf.dir/src.cxx.o -c /home/malte/Dokumente/modular-engine/build/CMakeFiles/CMakeTmp/src.cxx
/home/malte/Dokumente/modular-engine/build/CMakeFiles/CMakeTmp/src.cxx:2:11: error: expected constructor, destructor, or type conversion before ‘(’ token
 __declspec(deprecated) void f();
           ^
cc1plus: warning: unrecognized command line option ‘-Wno-unknown-warning-option’
CMakeFiles/cmTC_0ebdf.dir/build.make:65: die Regel für Ziel „CMakeFiles/cmTC_0ebdf.dir/src.cxx.o“ scheiterte
make[1]: *** [CMakeFiles/cmTC_0ebdf.dir/src.cxx.o] Fehler 1
make[1]: Verzeichnis „/home/malte/Dokumente/modular-engine/build/CMakeFiles/CMakeTmp“ wird verlassen
Makefile:126: die Regel für Ziel „cmTC_0ebdf/fast“ scheiterte
make: *** [cmTC_0ebdf/fast] Fehler 2

Source file was:

__declspec(deprecated) void f();

int main() {
  return 0;
}

Performing C++ SOURCE FILE Test FRUIT_HAS_MSVC_ASSUME failed with the following output:
Change Dir: /home/malte/Dokumente/modular-engine/build/CMakeFiles/CMakeTmp

Run Build Command:"/usr/bin/make" "cmTC_1b07b/fast"
/usr/bin/make -f CMakeFiles/cmTC_1b07b.dir/build.make CMakeFiles/cmTC_1b07b.dir/build
make[1]: Verzeichnis „/home/malte/Dokumente/modular-engine/build/CMakeFiles/CMakeTmp“ wird betreten
Building CXX object CMakeFiles/cmTC_1b07b.dir/src.cxx.o
/usr/bin/c++    -m64 -DFRUIT_HAS_MSVC_ASSUME   -m64 -g   -std=c++11 -W -Wall -Wno-unknown-warning-option -Wno-missing-braces   -o CMakeFiles/cmTC_1b07b.dir/src.cxx.o -c /home/malte/Dokumente/modular-engine/build/CMakeFiles/CMakeTmp/src.cxx
/home/malte/Dokumente/modular-engine/build/CMakeFiles/CMakeTmp/src.cxx: In function ‘int f()’:
/home/malte/Dokumente/modular-engine/build/CMakeFiles/CMakeTmp/src.cxx:7:15: error: ‘__assume’ was not declared in this scope
     __assume(0);
               ^
/home/malte/Dokumente/modular-engine/build/CMakeFiles/CMakeTmp/src.cxx:10:1: warning: control reaches end of non-void function [-Wreturn-type]
 }
 ^
At global scope:
cc1plus: warning: unrecognized command line option ‘-Wno-unknown-warning-option’
CMakeFiles/cmTC_1b07b.dir/build.make:65: die Regel für Ziel „CMakeFiles/cmTC_1b07b.dir/src.cxx.o“ scheiterte
make[1]: *** [CMakeFiles/cmTC_1b07b.dir/src.cxx.o] Fehler 1
make[1]: Verzeichnis „/home/malte/Dokumente/modular-engine/build/CMakeFiles/CMakeTmp“ wird verlassen
Makefile:126: die Regel für Ziel „cmTC_1b07b/fast“ scheiterte
make: *** [cmTC_1b07b/fast] Fehler 2

Source file was:

int f() {
  static int x = 1;
  if (x == 1) {
    return 0;
  } else {
    __assume(0);
    // Note: the lack of return here is intentional
  }
}

int main() {
  return f();
}

